============================================================
New run started (mode=wake, RUN_ID=sim_debug4, world_size=1)
============================================================
[info] MPI world size = 1
[info] Args: mode=wake wakeDeck=in.wake_harness effDeck=in.effusion inputDir=/common/home/rvk22/spaceforge-xai/input nWake=-1 nticks=20 dt=60 coupleEvery=1 spartaBlock=2500
[info] Env: RUN_ID=sim_debug4
[info] Env: ENABLE_SPARTA=ON
[info] Env: MODE=wake
[info] Env: INPUT_SUBDIR=<unset>
[info] Loaded 4 job(s) from /common/home/rvk22/spaceforge-xai/input/jobs2.txt
  [job 0] ticks 2-18, Fwafer=1e+14 cm^-2 s^-1, heater=150 W
[info] Loaded 4 job(s) from /common/home/rvk22/spaceforge-xai/input/jobs2.txt
  [job 0] ticks 2-18, Fwafer=1e+14 cm^-2 s^-1, heater=150 W
  [job 1] ticks 25-35, Fwafer=7.5e+13 cm^-2 s^-1, heater=150 W
[info] Loaded 4 job(s) from /common/home/rvk22/spaceforge-xai/input/jobs2.txt
  [job 0] ticks 2-18, Fwafer=1e+14 cm^-2 s^-1, heater=150 W
  [job 1] ticks 25-35, Fwafer=7.5e+13 cm^-2 s^-1, heater=150 W
  [job 2] ticks 40-65, Fwafer=1e+14 cm^-2 s^-1, heater=150 W
[info] Loaded 4 job(s) from /common/home/rvk22/spaceforge-xai/input/jobs2.txt
  [job 0] ticks 2-18, Fwafer=1e+14 cm^-2 s^-1, heater=150 W
  [job 1] ticks 25-35, Fwafer=7.5e+13 cm^-2 s^-1, heater=150 W
  [job 2] ticks 40-65, Fwafer=1e+14 cm^-2 s^-1, heater=150 W
  [job 3] ticks 70-75, Fwafer=5e+13 cm^-2 s^-1, heater=150 W
[info] Simulation starting on 1 MPI task(s)
[info] Mode = wake
[info] nticks = 20
[info] dt = 60 s
[info] couple-every = 1
[info] sparta-block = 2500
[params] Wrote params.inc: Fwafer_cm2s=1e+14, mbe_active=0
[info] Constructing WakeChamber and calling wake.init(...)
[info] wake.init() returned; entering main wake loop.
[orbit] altitude_m=300000, period_s=5640 (~94 min)
[job] tick=1 update params.inc: Fwafer_cm2s=1e+08, mbe_active=0
[params] Wrote params.inc: Fwafer_cm2s=1e+08, mbe_active=0
[job] tick=1 set heater demand=0 W
[wake] tick=1 t=60 s : BEFORE engine.tick() + wake.tick()
[wake] tick=1 t=60 s : AFTER engine.tick() + wake.tick()
[cpl] tick=1 ENTER wake.runIfDirtyOrAdvance(spartaBlock=2500)
[cpl] tick=1 EXIT  wake.runIfDirtyOrAdvance(...)
[job] tick=2 entering job window [2,18] (index=0) Fwafer_cm2s=1e+14, heater_W=150
[job] tick=2 update params.inc: Fwafer_cm2s=1e+14, mbe_active=1
[params] Wrote params.inc: Fwafer_cm2s=1e+14, mbe_active=1
[job] tick=2 set heater demand=180 W
[wake] tick=2 t=120 s : BEFORE engine.tick() + wake.tick()
[wake] tick=2 t=120 s : AFTER engine.tick() + wake.tick()
[cpl] tick=2 ENTER wake.runIfDirtyOrAdvance(spartaBlock=2500)
[cpl] tick=2 EXIT  wake.runIfDirtyOrAdvance(...)
[wake] tick=3 t=180 s : BEFORE engine.tick() + wake.tick()
[wake] tick=3 t=180 s : AFTER engine.tick() + wake.tick()
[cpl] tick=3 ENTER wake.runIfDirtyOrAdvance(spartaBlock=2500)
[cpl] tick=3 EXIT  wake.runIfDirtyOrAdvance(...)
[wake] tick=4 t=240 s : BEFORE engine.tick() + wake.tick()
[wake] tick=4 t=240 s : AFTER engine.tick() + wake.tick()
[cpl] tick=4 ENTER wake.runIfDirtyOrAdvance(spartaBlock=2500)
[cpl] tick=4 EXIT  wake.runIfDirtyOrAdvance(...)
[wake] tick=5 t=300 s : BEFORE engine.tick() + wake.tick()
[wake] tick=5 t=300 s : AFTER engine.tick() + wake.tick()
[cpl] tick=5 ENTER wake.runIfDirtyOrAdvance(spartaBlock=2500)
[cpl] tick=5 EXIT  wake.runIfDirtyOrAdvance(...)
[wake] tick=6 t=360 s : BEFORE engine.tick() + wake.tick()
[wake] tick=6 t=360 s : AFTER engine.tick() + wake.tick()
[cpl] tick=6 ENTER wake.runIfDirtyOrAdvance(spartaBlock=2500)
[cpl] tick=6 EXIT  wake.runIfDirtyOrAdvance(...)
[wake] tick=7 t=420 s : BEFORE engine.tick() + wake.tick()
[wake] tick=7 t=420 s : AFTER engine.tick() + wake.tick()
[cpl] tick=7 ENTER wake.runIfDirtyOrAdvance(spartaBlock=2500)
[cpl] tick=7 EXIT  wake.runIfDirtyOrAdvance(...)
[wake] tick=8 t=480 s : BEFORE engine.tick() + wake.tick()
[wake] tick=8 t=480 s : AFTER engine.tick() + wake.tick()
[cpl] tick=8 ENTER wake.runIfDirtyOrAdvance(spartaBlock=2500)
[cpl] tick=8 EXIT  wake.runIfDirtyOrAdvance(...)
[wake] tick=9 t=540 s : BEFORE engine.tick() + wake.tick()
[wake] tick=9 t=540 s : AFTER engine.tick() + wake.tick()
[cpl] tick=9 ENTER wake.runIfDirtyOrAdvance(spartaBlock=2500)
[cpl] tick=9 EXIT  wake.runIfDirtyOrAdvance(...)
[wake] tick=10 t=600 s : BEFORE engine.tick() + wake.tick()
[wake] tick=10 t=600 s : AFTER engine.tick() + wake.tick()
[cpl] tick=10 ENTER wake.runIfDirtyOrAdvance(spartaBlock=2500)
[cpl] tick=10 EXIT  wake.runIfDirtyOrAdvance(...)
[wake] tick=11 t=660 s : BEFORE engine.tick() + wake.tick()
[wake] tick=11 t=660 s : AFTER engine.tick() + wake.tick()
[cpl] tick=11 ENTER wake.runIfDirtyOrAdvance(spartaBlock=2500)
[cpl] tick=11 EXIT  wake.runIfDirtyOrAdvance(...)
[wake] tick=12 t=720 s : BEFORE engine.tick() + wake.tick()
[wake] tick=12 t=720 s : AFTER engine.tick() + wake.tick()
[cpl] tick=12 ENTER wake.runIfDirtyOrAdvance(spartaBlock=2500)
[cpl] tick=12 EXIT  wake.runIfDirtyOrAdvance(...)
[wake] tick=13 t=780 s : BEFORE engine.tick() + wake.tick()
[wake] tick=13 t=780 s : AFTER engine.tick() + wake.tick()
[cpl] tick=13 ENTER wake.runIfDirtyOrAdvance(spartaBlock=2500)
[cpl] tick=13 EXIT  wake.runIfDirtyOrAdvance(...)
[wake] tick=14 t=840 s : BEFORE engine.tick() + wake.tick()
[wake] tick=14 t=840 s : AFTER engine.tick() + wake.tick()
[cpl] tick=14 ENTER wake.runIfDirtyOrAdvance(spartaBlock=2500)
[cpl] tick=14 EXIT  wake.runIfDirtyOrAdvance(...)
[wake] tick=15 t=900 s : BEFORE engine.tick() + wake.tick()
[wake] tick=15 t=900 s : AFTER engine.tick() + wake.tick()
[cpl] tick=15 ENTER wake.runIfDirtyOrAdvance(spartaBlock=2500)
[cpl] tick=15 EXIT  wake.runIfDirtyOrAdvance(...)
[wake] tick=16 t=960 s : BEFORE engine.tick() + wake.tick()
[wake] tick=16 t=960 s : AFTER engine.tick() + wake.tick()
[cpl] tick=16 ENTER wake.runIfDirtyOrAdvance(spartaBlock=2500)
[cpl] tick=16 EXIT  wake.runIfDirtyOrAdvance(...)
[wake] tick=17 t=1020 s : BEFORE engine.tick() + wake.tick()
[wake] tick=17 t=1020 s : AFTER engine.tick() + wake.tick()
[cpl] tick=17 ENTER wake.runIfDirtyOrAdvance(spartaBlock=2500)
[cpl] tick=17 EXIT  wake.runIfDirtyOrAdvance(...)
[wake] tick=18 t=1080 s : BEFORE engine.tick() + wake.tick()
[wake] tick=18 t=1080 s : AFTER engine.tick() + wake.tick()
[cpl] tick=18 ENTER wake.runIfDirtyOrAdvance(spartaBlock=2500)
[cpl] tick=18 EXIT  wake.runIfDirtyOrAdvance(...)
[job] tick=19 leaving job window; reverting to baseline (heater=0, beam off).
[job] tick=19 update params.inc: Fwafer_cm2s=1e+14, mbe_active=0
[params] Wrote params.inc: Fwafer_cm2s=1e+14, mbe_active=0
[job] tick=19 set heater demand=0 W
[wake] tick=19 t=1140 s : BEFORE engine.tick() + wake.tick()
[wake] tick=19 t=1140 s : AFTER engine.tick() + wake.tick()
[cpl] tick=19 ENTER wake.runIfDirtyOrAdvance(spartaBlock=2500)
[cpl] tick=19 EXIT  wake.runIfDirtyOrAdvance(...)
[wake] tick=20 t=1200 s : BEFORE engine.tick() + wake.tick()
[wake] tick=20 t=1200 s : AFTER engine.tick() + wake.tick()
[cpl] tick=20 ENTER wake.runIfDirtyOrAdvance(spartaBlock=2500)
[cpl] tick=20 EXIT  wake.runIfDirtyOrAdvance(...)
[info] wake main loop completed; shutting down.
