============================================================
New run started (mode=power, RUN_ID=sim_debug, world_size=1)
============================================================
[info] MPI world size = 1
[info] Args: mode=power wakeDeck=in.wake_harness effDeck=in.effusion inputDir=/common/home/rvk22/spaceforge-xai/input nWake=-1 nticks=50 dt=60 coupleEvery=1 spartaBlock=2500
[info] Env: RUN_ID=sim_debug
[info] Env: ENABLE_SPARTA=ON
[info] Env: MODE=power
[info] Env: INPUT_SUBDIR=<unset>
[info] Simulation starting on 1 MPI task(s)
[info] Mode = power
[info] nticks = 50
[info] dt = 60 s
[info] couple-every = 1
[info] sparta-block = 2500
[info] Entering power-only mode (no SPARTA / no WakeChamber).
[power] tick=1 t=60 s : calling engine.tick()
[power] tick=2 t=120 s : calling engine.tick()
[power] tick=3 t=180 s : calling engine.tick()
[power] tick=4 t=240 s : calling engine.tick()
[power] tick=5 t=300 s : calling engine.tick()
[power] tick=6 t=360 s : calling engine.tick()
[power] tick=7 t=420 s : calling engine.tick()
[power] tick=8 t=480 s : calling engine.tick()
[power] tick=9 t=540 s : calling engine.tick()
[power] tick=10 t=600 s : calling engine.tick()
[power] tick=11 t=660 s : calling engine.tick()
[power] tick=12 t=720 s : calling engine.tick()
[power] tick=13 t=780 s : calling engine.tick()
[power] tick=14 t=840 s : calling engine.tick()
[power] tick=15 t=900 s : calling engine.tick()
[power] tick=16 t=960 s : calling engine.tick()
[power] tick=17 t=1020 s : calling engine.tick()
[power] tick=18 t=1080 s : calling engine.tick()
[power] tick=19 t=1140 s : calling engine.tick()
[power] tick=20 t=1200 s : calling engine.tick()
[power] tick=21 t=1260 s : calling engine.tick()
[power] tick=22 t=1320 s : calling engine.tick()
[power] tick=23 t=1380 s : calling engine.tick()
[power] tick=24 t=1440 s : calling engine.tick()
[power] tick=25 t=1500 s : calling engine.tick()
[power] tick=26 t=1560 s : calling engine.tick()
[power] tick=27 t=1620 s : calling engine.tick()
[power] tick=28 t=1680 s : calling engine.tick()
[power] tick=29 t=1740 s : calling engine.tick()
[power] tick=30 t=1800 s : calling engine.tick()
[power] tick=31 t=1860 s : calling engine.tick()
[power] tick=32 t=1920 s : calling engine.tick()
[power] tick=33 t=1980 s : calling engine.tick()
[power] tick=34 t=2040 s : calling engine.tick()
[power] tick=35 t=2100 s : calling engine.tick()
[power] tick=36 t=2160 s : calling engine.tick()
[power] tick=37 t=2220 s : calling engine.tick()
[power] tick=38 t=2280 s : calling engine.tick()
[power] tick=39 t=2340 s : calling engine.tick()
[power] tick=40 t=2400 s : calling engine.tick()
[power] tick=41 t=2460 s : calling engine.tick()
[power] tick=42 t=2520 s : calling engine.tick()
[power] tick=43 t=2580 s : calling engine.tick()
[power] tick=44 t=2640 s : calling engine.tick()
[power] tick=45 t=2700 s : calling engine.tick()
[power] tick=46 t=2760 s : calling engine.tick()
[power] tick=47 t=2820 s : calling engine.tick()
[power] tick=48 t=2880 s : calling engine.tick()
[power] tick=49 t=2940 s : calling engine.tick()
[power] tick=50 t=3000 s : calling engine.tick()
[info] power-only loop completed; shutting down engine.
