Simulation starting on 4 MPI task(s), dt=60 s
Mode = dual
Dual-instance split: nWake=2, nEffusion=2
SPARTA (20 Jan 2025)
Running on 2 MPI task(s)
Created orthogonal box = (-0.25 -0.25 -0.5) to (0.25 0.25 0.5)
Created 2000 child grid cells
  CPU time = 0.000507697 secs
  create/ghost percent = 38.0871 61.9129
SPARTA (20 Jan 2025)
Running on 2 MPI task(s)
Creating particles ...
Created orthogonal box = (-0.5 -0.5 -0.5) to (1 0.5 0.5)
Created 15000 particles
  CPU time = 0.000882137 secs
Memory usage per proc in Mbytes:
  particles (ave,min,max) = 1.5625 1.5625 1.5625
  grid      (ave,min,max) = 1.51379 1.51379 1.51379
  surf      (ave,min,max) = 0 0 0
  total     (ave,min,max) = 3.07629 3.07629 3.07629
Step CPU Np 
       0            0    15000 
     100  0.001540809        0 
     200  0.001597559        0 
     300  0.001650354        0 
     400  0.001704768        0 
     500  0.001758545        0 
     600  0.001813245        0 
     700  0.001865832        0 
     800  0.001919278        0 
     900  0.001973037        0 
    1000  0.002025344        0 
    1100   0.00207784        0 
    1200  0.002131041        0 
    1300  0.002184718        0 
    1400  0.002242605        0 
    1500  0.002296271        0 
    1600  0.002349784        0 
    1700  0.002404395        0 
    1800  0.002458612        0 
    1900  0.002512319        0 
    2000  0.002565549        0 
Loop time of 0.00256789 on 2 procs for 2000 steps with 0 particles

MPI task timing breakdown:
Section |  min time  |  avg time  |  max time  |%varavg| %total
---------------------------------------------------------------
Move    | 0.00097621 | 0.001265   | 0.0015539  |   0.8 | 49.26
Coll    | 0          | 0          | 0          |   0.0 |  0.00
Sort    | 0          | 0          | 0          |   0.0 |  0.00
Comm    | 0.00094144 | 0.0012284  | 0.0015154  |   0.8 | 47.84
Modify  | 0          | 0          | 0          |   0.0 |  0.00
Output  | 2.2641e-05 | 3.3511e-05 | 4.4381e-05 |   0.0 |  1.30
Other   |            | 4.094e-05  |            |       |  1.59

Particle moves    = 15000 (15K)
Cells touched     = 139897 (0.14M)
Particle comms    = 0 (0K)
Boundary collides = 0 (0K)
Boundary exits    = 15000 (15K)
SurfColl checks   = 0 (0K)
SurfColl occurs   = 0 (0K)
Surf reactions    = 0 (0K)
Collide attempts  = 0 (0K)
Collide occurs    = 0 (0K)
Gas reactions     = 0 (0K)
Particles stuck   = 0
Axisymm bad moves = 0

Particle-moves/CPUsec/proc: 2.92068e+06
Particle-moves/step: 7.5
Cell-touches/particle/step: 9.32647
Particle comm iterations/step: 1
Particle fraction communicated: 0
Particle fraction colliding with boundary: 0
Particle fraction exiting boundary: 1
Surface-checks/particle/step: 0
Surface-collisions/particle/step: 0
Surface-reactions/particle/step: 0
Collision-attempts/particle/step: 0
Collisions/particle/step: 0
Gas-reactions/particle/step: 0

Particles: 0 ave 0 max 0 min
Histogram: 2 0 0 0 0 0 0 0 0 0
Cells:     1000 ave 1000 max 1000 min
Histogram: 2 0 0 0 0 0 0 0 0 0
GhostCell: 1000 ave 1000 max 1000 min
Histogram: 2 0 0 0 0 0 0 0 0 0
EmptyCell: 0 ave 0 max 0 min
Histogram: 2 0 0 0 0 0 0 0 0 0
Created 54000 child grid cells
  CPU time = 0.0109006 secs
  create/ghost percent = 24.3581 75.6419
Reading surface file ...
  20 triangles
  -0.005 0.005 xlo xhi
  -0.15 0.15 ylo yhi
  -0.129904 0.129904 zlo zhi
  0.01 min triangle edge length
  0.00075 min triangle area
  128 0 = cells overlapping surfs, overlap cells with unmarked corner pts
  53872 0 128 = cells outside/inside/overlapping surfs
  128 = surf cells with 1,2,etc splits
  1.4994154328519 1.49941543285244 = cell-wise and global flow volume
  CPU time = 0.00989598 secs
  read/check/sort/surf2grid/ghost/inout/particle percent = 5.17704 0.469241 5.42695 33.0395 55.8873 23.6323 0.00352668
  surf2grid time = 0.00326959 secs
  map/comm1/comm2/comm3/comm4/split percent = 29.0436 0.766397 32.4362 4.66062 4.51189 16.9711
0 initial grid cell count in group gFront
4096 final grid cell count in group gFront
0 initial grid cell count in group gWake
4320 final grid cell count in group gWake
ERROR: Unrecognized compute style (../modify.cpp:452)
