[info] MPI world size = 1
[info] Args: mode=wake wakeDeck=in.wake_harness effDeck=in.effusion inputDir=/common/home/rvk22/spaceforge-xai/input nWake=-1 nticks=1220 dt=60 coupleEvery=1 spartaBlock=2500
[info] Env: RUN_ID=V2_jobs30
[info] Env: ENABLE_SPARTA=ON
[info] Env: MODE=wake
[info] Env: INPUT_SUBDIR=<unset>
[info] Loaded 17 job(s) from /common/home/rvk22/spaceforge-xai/input/jobs30.txt
  [job 0] ticks 0-90, Fwafer=0 cm^-2 s^-1, heater=850 W
  [job 1] ticks 90-210, Fwafer=0 cm^-2 s^-1, heater=1450 W
  [job 2] ticks 210-270, Fwafer=0 cm^-2 s^-1, heater=1750 W
  [job 3] ticks 270-305, Fwafer=2e+12 cm^-2 s^-1, heater=1650 W
  [job 4] ticks 305-395, Fwafer=7e+12 cm^-2 s^-1, heater=1750 W
  [job 5] ticks 395-455, Fwafer=1.3e+13 cm^-2 s^-1, heater=1825 W
  [job 6] ticks 455-515, Fwafer=1.6e+13 cm^-2 s^-1, heater=1875 W
  [job 7] ticks 515-650, Fwafer=2.75e+13 cm^-2 s^-1, heater=1950 W
  [job 8] ticks 650-720, Fwafer=2.95e+13 cm^-2 s^-1, heater=1975 W
  [job 9] ticks 720-760, Fwafer=0 cm^-2 s^-1, heater=1500 W
  [job 10] ticks 760-885, Fwafer=2.85e+13 cm^-2 s^-1, heater=1950 W
  [job 11] ticks 885-945, Fwafer=3.15e+13 cm^-2 s^-1, heater=2000 W
  [job 12] ticks 945-1005, Fwafer=2.7e+13 cm^-2 s^-1, heater=1925 W
  [job 13] ticks 1005-1070, Fwafer=2.05e+13 cm^-2 s^-1, heater=1800 W
  [job 14] ticks 1070-1120, Fwafer=1.85e+13 cm^-2 s^-1, heater=1750 W
  [job 15] ticks 1120-1160, Fwafer=0 cm^-2 s^-1, heater=1600 W
  [job 16] ticks 1160-1190, Fwafer=0 cm^-2 s^-1, heater=1200 W
[info] Job 0 dynamic warm-up estimate: 0 tick(s) at dt=60 s (Fwafer_cm2s=0)
[info] Job 1 dynamic warm-up estimate: 0 tick(s) at dt=60 s (Fwafer_cm2s=0)
[info] Job 2 dynamic warm-up estimate: 0 tick(s) at dt=60 s (Fwafer_cm2s=0)
[info] Job 3 dynamic warm-up estimate: 23 tick(s) at dt=60 s (Fwafer_cm2s=2e+12)
[info] Job 4 dynamic warm-up estimate: 23 tick(s) at dt=60 s (Fwafer_cm2s=7e+12)
[info] Job 5 dynamic warm-up estimate: 23 tick(s) at dt=60 s (Fwafer_cm2s=1.3e+13)
[info] Job 6 dynamic warm-up estimate: 23 tick(s) at dt=60 s (Fwafer_cm2s=1.6e+13)
[info] Job 7 dynamic warm-up estimate: 23 tick(s) at dt=60 s (Fwafer_cm2s=2.75e+13)
[info] Job 8 dynamic warm-up estimate: 23 tick(s) at dt=60 s (Fwafer_cm2s=2.95e+13)
[info] Job 9 dynamic warm-up estimate: 0 tick(s) at dt=60 s (Fwafer_cm2s=0)
[info] Job 10 dynamic warm-up estimate: 23 tick(s) at dt=60 s (Fwafer_cm2s=2.85e+13)
[info] Job 11 dynamic warm-up estimate: 23 tick(s) at dt=60 s (Fwafer_cm2s=3.15e+13)
[info] Job 12 dynamic warm-up estimate: 23 tick(s) at dt=60 s (Fwafer_cm2s=2.7e+13)
[info] Job 13 dynamic warm-up estimate: 23 tick(s) at dt=60 s (Fwafer_cm2s=2.05e+13)
[info] Job 14 dynamic warm-up estimate: 23 tick(s) at dt=60 s (Fwafer_cm2s=1.85e+13)
[info] Job 15 dynamic warm-up estimate: 0 tick(s) at dt=60 s (Fwafer_cm2s=0)
[info] Job 16 dynamic warm-up estimate: 0 tick(s) at dt=60 s (Fwafer_cm2s=0)
[info] Simulation starting on 1 MPI task(s)
[info] Mode = wake
[info] nticks = 1220
[info] dt = 60 s
[info] couple-every = 1
[info] sparta-block = 2500
[params] Wrote params.inc: Fwafer_cm2s=1e+08, mbe_active=0
[info] Constructing WakeChamber and calling wake.init(...)
[info] wake.init() returned; entering main wake loop.
[orbit] altitude_m=300000, period_s=5640 (~94 min)
[job] tick=1 entering job window [0,90] (index=0) Fwafer_cm2s=0, heater_W=850 (warmup_ticks=0)
[job] tick=1 update params.inc: Fwafer_cm2s=0, mbe_active=1
[params] Wrote params.inc: Fwafer_cm2s=1e+08, mbe_active=1
[job] tick=1 set heater demand=0 W
[wake] tick=1 t=60 s : BEFORE engine.tick() + wake.tick()
[wake] tick=1 t=60 s : AFTER engine.tick() + wake.tick()
[cpl] tick=1 ENTER wake.runIfDirtyOrAdvance(spartaBlock=2500)
