
seed        98765
dimension   3
global      gridcut 1.0e-1 comm/sort yes

boundary    oo oo oo
create_box  0 5e-1   0 5e-1   0 5e-1
Created orthogonal box = (0 0 0) to (0.5 0.5 0.5)
create_grid 8 8 8
WARNING: Could not acquire nearby ghost cells b/c grid partition is not clumped (../grid.cpp:472)
Created 512 child grid cells
  CPU time = 0.000279345 secs
  create/ghost percent = 85.1363 14.8637
balance_grid rcb part
Balance grid migrated 256 cells
  CPU time = 0.000626288 secs
  reassign/sort/migrate/ghost percent = 42.1442 0.274474 14.6155 42.9659

species     data/ar.species Ar
mixture     mEff Ar vstream 800.0 0.0 0.0 temp 300.0
global      fnum 7.07043e6
collide     vss mEff data/ar.vss

fix         fe emit/face mEff xlo

region      wafer block 0.0 5.0e-5  0.0 5.0e-5  2.45e-5 2.55e-5

# Particle hits dump in wafer region: select-ID must be a mixture ID
dump        dw particle all 50 dump/wafer_hits.csv id x y z vx vy vz
dump_modify dw region wafer append yes flush yes

timestep    7.0e-9
run         0
Memory usage per proc in Mbytes:
  particles (ave,min,max) = 0 0 0
  grid      (ave,min,max) = 1.51379 1.51379 1.51379
  surf      (ave,min,max) = 0 0 0
  total     (ave,min,max) = 1.51379 1.51379 1.51379
Step CPU Np 
       0            0        0 
Loop time of 1.505e-06 on 2 procs for 0 steps with 0 particles

MPI task timing breakdown:
Section |  min time  |  avg time  |  max time  |%varavg| %total
---------------------------------------------------------------
Move    | 0          | 0          | 0          |   0.0 |  0.00
Coll    | 0          | 0          | 0          |   0.0 |  0.00
Sort    | 0          | 0          | 0          |   0.0 |  0.00
Comm    | 0          | 0          | 0          |   0.0 |  0.00
Modify  | 0          | 0          | 0          |   0.0 |  0.00
Output  | 0          | 0          | 0          |   0.0 |  0.00
Other   |            | 1.505e-06  |            |       |100.00

Particle moves    = 0 (0K)
Cells touched     = 0 (0K)
Particle comms    = 0 (0K)
Boundary collides = 0 (0K)
Boundary exits    = 0 (0K)
SurfColl checks   = 0 (0K)
SurfColl occurs   = 0 (0K)
Surf reactions    = 0 (0K)
Collide attempts  = 0 (0K)
Collide occurs    = 0 (0K)
Reactions         = 0 (0K)
Particles stuck   = 0
Axisymm bad moves = 0

Particle-moves/CPUsec/proc: 0
Particle-moves/step: 0
Cell-touches/particle/step: 0
Particle comm iterations/step: 0
Particle fraction communicated: 0
Particle fraction colliding with boundary: 0
Particle fraction exiting boundary: 0
Surface-checks/particle/step: 0
Surface-collisions/particle/step: 0
Surf-reactions/particle/step: 0
Collision-attempts/particle/step: 0
Collisions/particle/step: 0
Reactions/particle/step: 0

Particles: 0 ave 0 max 0 min
Histogram: 2 0 0 0 0 0 0 0 0 0
Cells:      256 ave 256 max 256 min
Histogram: 2 0 0 0 0 0 0 0 0 0
GhostCell: 128 ave 128 max 128 min
Histogram: 2 0 0 0 0 0 0 0 0 0
EmptyCell: 0 ave 0 max 0 min
Histogram: 2 0 0 0 0 0 0 0 0 0
